<?xml version="1.0" encoding="UTF-8"?>
<!-- Generated by org.testng.reporters.JUnitReportReporter -->
<testsuite hostname="LAPTOP-EHRHQ1VN" failures="0" tests="3" name="celebrationAcademy.SubmitOrderTest" time="41.160" errors="0" timestamp="2024-04-22T03:58:08 PST" skipped="0">
  <testcase classname="celebrationAcademy.SubmitOrderTest" name="OrderHistoryTest" time="4.341"/>
  <testcase classname="celebrationAcademy.SubmitOrderTest" name="submitOrder" time="17.532"/>
  <testcase classname="celebrationAcademy.SubmitOrderTest" name="submitOrder" time="19.287"/>
</testsuite> <!-- celebrationAcademy.SubmitOrderTest -->
