<?xml version="1.0" encoding="UTF-8"?>
<!-- Generated by org.testng.reporters.JUnitReportReporter -->
<testsuite hostname="LAPTOP-EHRHQ1VN" failures="0" tests="1" name="cucumber.TestNGTestRunner" time="6.473" errors="0" timestamp="2024-04-24T12:23:54 PST" skipped="0">
  <testcase classname="cucumber.TestNGTestRunner" name="runScenario" time="6.473"/>
</testsuite> <!-- cucumber.TestNGTestRunner -->
