<?xml version="1.0" encoding="UTF-8"?>
<!-- Generated by org.testng.reporters.JUnitReportReporter -->
<testsuite hostname="LAPTOP-EHRHQ1VN" failures="0" tests="1" name="celebrationAcademy.ErrorValidations" time="4.840" errors="0" timestamp="2024-04-16T03:42:55 PST" skipped="0">
  <testcase classname="celebrationAcademy.ErrorValidations" name="submitOrder" time="4.840"/>
</testsuite> <!-- celebrationAcademy.ErrorValidations -->
