<?xml version="1.0" encoding="UTF-8"?>
<!-- Generated by org.testng.reporters.JUnitReportReporter -->
<testsuite hostname="LAPTOP-EHRHQ1VN" failures="0" tests="2" name="celebrationAcademy.ErrorValidationsTest" time="32.918" errors="0" timestamp="2024-04-24T12:42:14 PST" skipped="0">
  <testcase classname="celebrationAcademy.ErrorValidationsTest" name="ProductErrorValidation" time="28.264"/>
  <testcase classname="celebrationAcademy.ErrorValidationsTest" name="LoginErrorValidation" time="4.654"/>
</testsuite> <!-- celebrationAcademy.ErrorValidationsTest -->
