<?xml version="1.0" encoding="UTF-8"?>
<!-- Generated by org.testng.reporters.JUnitReportReporter -->
<testsuite hostname="LAPTOP-EHRHQ1VN" failures="0" tests="3" name="celebrationAcademy.SubmitOrderTest" time="41.335" errors="0" timestamp="2024-04-24T12:42:14 PST" skipped="0">
  <testcase classname="celebrationAcademy.SubmitOrderTest" name="submitOrder" time="17.768"/>
  <testcase classname="celebrationAcademy.SubmitOrderTest" name="OrderHistoryTest" time="4.754"/>
  <testcase classname="celebrationAcademy.SubmitOrderTest" name="submitOrder" time="18.813"/>
</testsuite> <!-- celebrationAcademy.SubmitOrderTest -->
